Arguments: 
  /usr/local/bin/node /usr/local/bin/yarn

PATH: 
  /usr/local/go/bin:/Users/maxilozoz/go/bin:/Users/maxilozoz/Downloads/usr/flutter/bin:/Users/maxilozoz/Downloads/usr:/Users/maxilozoz/go/bin:/Users/maxilozoz/Downloads/usr/ansible/bin:/Users/maxilozoz/Downloads/config/ssh/ssh/sshpass/bin:/usr/local/bin:/usr/bin:/bin:/usr/sbin:/sbin:/Applications/VMware Fusion.app/Contents/Public:/usr/local/go/bin:/usr/local/aria2/bin:/Library/Apple/usr/bin:/Users/maxilozoz/Downloads/code/_TEST/vue-tool/node_modules/.bin

Yarn version: 
  1.22.10

Node version: 
  14.15.3

Platform: 
  darwin x64

Trace: 
  SyntaxError: /Users/maxilozoz/Downloads/code/_TEST/vue-tool/package.json: Unexpected token } in JSON at position 651
      at JSON.parse (<anonymous>)
      at /usr/local/lib/node_modules/yarn/lib/cli.js:1625:59
      at Generator.next (<anonymous>)
      at step (/usr/local/lib/node_modules/yarn/lib/cli.js:310:30)
      at /usr/local/lib/node_modules/yarn/lib/cli.js:321:13

npm manifest: 
  {
    "name": "antd-vue-tool",
    "version": "1.0.12-beta7",
    "private": true,
    "description": "vue antd tool",
    "author": {
      "name": "maxilozoz"
    },
    "scripts": {
      "serve": "vue-cli-service serve",
      "build": "vue-cli-service build",
      "lint": "vue-cli-service lint",
      "test": "echo \"Error: no test specified\" && exit 1",
      "lib": "vue-cli-service build --target lib --name antd-vue-tool ./index.js --report"
    },
    "main": "./dist/index.js",
    "dependencies": {
      "ant-design-vue": "^2.1.6",
      "codemirror": "^5.56.0",
      "js-beautify": "^1.11.0",
      "vee-validate": "^3.3.9",
      "dayjs": "^1.8.29",
      "vue": "^3.0.5",
    },
    "devDependencies": {
      "@vitejs/plugin-vue": "^1.2.2",
      "@vitejs/plugin-vue-jsx": "^1.1.4",
      "@vue/compiler-sfc": "^3.0.5",
      "vite": "^2.3.3",
      "sass": "^1.33.0",
      "less": "^3.12.2"
    },
    "eslintConfig": {
      "root": true,
      "env": {
        "node": true
      },
      "extends": [
        "plugin:vue/essential",
        "eslint:recommended"
      ],
      "parserOptions": {
        "parser": "babel-eslint"
      },
      "rules": {}
    },
    "browserslist": [
      "> 1%",
      "last 2 versions",
      "not dead"
    ],
    "_id": "antd-vue-tool@1.0.12-beta7",
    "bugs": {
      "url": "https://github.com/maxiloEmmmm/vue-tool/issues"
    },
    "homepage": "https://github.com/maxiloEmmmm/vue-tool#readme",
    "keywords": [
      "antd",
      "ant",
      "vue"
    ],
    "license": "MIT",
    "readme": "ERROR: No README data found!",
    "repository": {
      "type": "git",
      "url": "git+https://github.com/maxiloEmmmm/vue-tool.git"
    }
  }

yarn manifest: 
  No manifest

Lockfile: 
  No lockfile
